TN:
SF:src\index.ts
FN:181,(anonymous_0)
FN:222,(anonymous_1)
FN:270,(anonymous_2)
FN:274,(anonymous_3)
FN:277,(anonymous_4)
FN:281,(anonymous_5)
FNF:6
FNH:0
FNDA:0,(anonymous_0)
FNDA:0,(anonymous_1)
FNDA:0,(anonymous_2)
FNDA:0,(anonymous_3)
FNDA:0,(anonymous_4)
FNDA:0,(anonymous_5)
DA:90,0
DA:91,0
DA:93,0
DA:96,0
DA:97,0
DA:98,0
DA:99,0
DA:100,0
DA:101,0
DA:102,0
DA:103,0
DA:104,0
DA:105,0
DA:106,0
DA:107,0
DA:110,0
DA:113,0
DA:114,0
DA:117,0
DA:118,0
DA:119,0
DA:120,0
DA:121,0
DA:124,0
DA:125,0
DA:126,0
DA:127,0
DA:128,0
DA:129,0
DA:130,0
DA:133,0
DA:134,0
DA:135,0
DA:136,0
DA:137,0
DA:138,0
DA:139,0
DA:142,0
DA:143,0
DA:144,0
DA:145,0
DA:148,0
DA:149,0
DA:150,0
DA:151,0
DA:154,0
DA:155,0
DA:163,0
DA:164,0
DA:165,0
DA:166,0
DA:167,0
DA:168,0
DA:170,0
DA:178,0
DA:181,0
DA:182,0
DA:187,0
DA:188,0
DA:189,0
DA:190,0
DA:191,0
DA:198,0
DA:199,0
DA:204,0
DA:207,0
DA:208,0
DA:209,0
DA:217,0
DA:218,0
DA:220,0
DA:222,0
DA:223,0
DA:228,0
DA:229,0
DA:231,0
DA:234,0
DA:237,0
DA:244,0
DA:253,0
DA:256,0
DA:257,0
DA:258,0
DA:259,0
DA:260,0
DA:261,0
DA:263,0
DA:267,0
DA:271,0
DA:274,0
DA:275,0
DA:277,0
DA:279,0
DA:281,0
DA:282,0
LF:95
LH:0
BRDA:93,0,0,0
BRDA:93,0,1,0
BRDA:189,1,0,0
BRDA:189,1,1,0
BRDA:228,2,0,0
BRDA:228,2,1,0
BRF:6
BRH:0
end_of_record
TN:
SF:src\application\use-cases\Alimentation\GetAnimalDietUseCase.ts
FN:6,(anonymous_0)
FN:11,(anonymous_1)
FNF:2
FNH:2
FNDA:2,(anonymous_0)
FNDA:2,(anonymous_1)
DA:7,2
DA:8,2
DA:12,2
DA:13,2
DA:15,1
LF:5
LH:5
BRDA:13,0,0,1
BRDA:13,0,1,1
BRF:2
BRH:2
end_of_record
TN:
SF:src\application\use-cases\Alimentation\RegisterAlimentationUseCase.ts
FN:7,(anonymous_0)
FN:13,(anonymous_1)
FNF:2
FNH:2
FNDA:3,(anonymous_0)
FNDA:3,(anonymous_1)
DA:8,3
DA:9,3
DA:10,3
DA:24,3
DA:25,3
DA:27,2
DA:28,2
DA:30,1
DA:42,1
LF:9
LH:9
BRDA:25,0,0,1
BRDA:25,0,1,2
BRDA:28,1,0,1
BRDA:28,1,1,1
BRF:4
BRH:4
end_of_record
TN:
SF:src\application\use-cases\Animal\DeleteAnimalUseCase.ts
FN:3,(anonymous_0)
FN:5,(anonymous_1)
FNF:2
FNH:0
FNDA:0,(anonymous_0)
FNDA:0,(anonymous_1)
DA:3,0
DA:6,0
DA:7,0
DA:8,0
DA:10,0
LF:5
LH:0
BRDA:7,0,0,0
BRDA:7,0,1,0
BRF:2
BRH:0
end_of_record
TN:
SF:src\application\use-cases\Animal\GetAnimalByIdUseCase.ts
FN:4,(anonymous_0)
FN:6,(anonymous_1)
FNF:2
FNH:0
FNDA:0,(anonymous_0)
FNDA:0,(anonymous_1)
DA:4,0
DA:7,0
DA:8,0
DA:9,0
DA:12,0
LF:5
LH:0
BRDA:8,0,0,0
BRDA:8,0,1,0
BRF:2
BRH:0
end_of_record
TN:
SF:src\application\use-cases\Animal\GetOwnerAnimalsUseCase.ts
FN:5,(anonymous_0)
FN:10,(anonymous_1)
FN:18,(anonymous_2)
FNF:3
FNH:0
FNDA:0,(anonymous_0)
FNDA:0,(anonymous_1)
FNDA:0,(anonymous_2)
DA:6,0
DA:7,0
DA:11,0
DA:12,0
DA:13,0
DA:16,0
DA:18,0
LF:7
LH:0
BRDA:12,0,0,0
BRDA:12,0,1,0
BRF:2
BRH:0
end_of_record
TN:
SF:src\application\use-cases\Animal\ListAllAnimalsUseCase.ts
FN:4,(anonymous_0)
FN:6,(anonymous_1)
FN:8,(anonymous_2)
FNF:3
FNH:0
FNDA:0,(anonymous_0)
FNDA:0,(anonymous_1)
FNDA:0,(anonymous_2)
DA:4,0
DA:7,0
DA:8,0
LF:3
LH:0
BRF:0
BRH:0
end_of_record
TN:
SF:src\application\use-cases\Animal\RegisterAnimalUseCase.ts
FN:7,(anonymous_0)
FN:12,(anonymous_1)
FNF:2
FNH:2
FNDA:2,(anonymous_0)
FNDA:2,(anonymous_1)
DA:8,2
DA:9,2
DA:13,2
DA:14,2
DA:15,1
DA:18,1
DA:31,1
LF:7
LH:7
BRDA:14,0,0,1
BRDA:14,0,1,1
BRF:2
BRH:2
end_of_record
TN:
SF:src\application\use-cases\Animal\TransferAnimalOwnershipUseCase.ts
FN:10,(anonymous_0)
FN:15,(anonymous_1)
FNF:2
FNH:2
FNDA:4,(anonymous_0)
FNDA:4,(anonymous_1)
DA:11,4
DA:12,4
DA:16,4
DA:17,4
DA:18,1
DA:21,3
DA:22,3
DA:23,1
DA:26,2
DA:27,2
LF:10
LH:10
BRDA:17,0,0,1
BRDA:17,0,1,3
BRDA:22,1,0,1
BRDA:22,1,1,2
BRF:4
BRH:4
end_of_record
TN:
SF:src\application\use-cases\Animal\UpdateAnimalUseCase.ts
FN:5,(anonymous_0)
FN:7,(anonymous_1)
FNF:2
FNH:0
FNDA:0,(anonymous_0)
FNDA:0,(anonymous_1)
DA:5,0
DA:8,0
DA:9,0
DA:10,0
DA:20,0
DA:22,0
LF:6
LH:0
BRDA:9,0,0,0
BRDA:9,0,1,0
BRF:2
BRH:0
end_of_record
TN:
SF:src\application\use-cases\Appointment\ListAppointmentsUseCase.ts
FN:5,(anonymous_0)
FN:7,(anonymous_1)
FN:11,(anonymous_2)
FNF:3
FNH:3
FNDA:2,(anonymous_0)
FNDA:1,(anonymous_1)
FNDA:1,(anonymous_2)
DA:5,2
DA:8,1
DA:12,1
LF:3
LH:3
BRF:0
BRH:0
end_of_record
TN:
SF:src\application\use-cases\Appointment\RegisterAppointmentUseCase.ts
FN:7,(anonymous_0)
FN:12,(anonymous_1)
FNF:2
FNH:2
FNDA:2,(anonymous_0)
FNDA:2,(anonymous_1)
DA:8,2
DA:9,2
DA:19,2
DA:20,2
DA:21,1
DA:24,1
DA:33,1
LF:7
LH:7
BRDA:20,0,0,1
BRDA:20,0,1,1
BRF:2
BRH:2
end_of_record
TN:
SF:src\application\use-cases\Appointment\UpdateAppointmentUseCase.ts
FN:5,(anonymous_0)
FN:7,(anonymous_1)
FNF:2
FNH:2
FNDA:2,(anonymous_0)
FNDA:2,(anonymous_1)
DA:5,2
DA:8,2
DA:9,2
DA:10,1
DA:13,1
DA:14,1
LF:6
LH:6
BRDA:9,0,0,1
BRDA:9,0,1,1
BRF:2
BRH:2
end_of_record
TN:
SF:src\application\use-cases\Auth\LoginUserUseCase.ts
FN:12,(anonymous_0)
FN:19,(anonymous_1)
FNF:2
FNH:2
FNDA:3,(anonymous_0)
FNDA:3,(anonymous_1)
DA:13,3
DA:14,3
DA:15,3
DA:16,3
DA:20,3
DA:21,3
DA:22,1
DA:25,2
DA:26,2
DA:27,1
DA:30,1
DA:31,1
DA:67,1
LF:13
LH:13
BRDA:21,0,0,1
BRDA:21,0,1,2
BRDA:26,1,0,1
BRDA:26,1,1,1
BRF:4
BRH:4
end_of_record
TN:
SF:src\application\use-cases\Auth\RegisterUserUseCase.ts
FN:15,(anonymous_0)
FN:21,(anonymous_1)
FNF:2
FNH:2
FNDA:3,(anonymous_0)
FNDA:3,(anonymous_1)
DA:16,3
DA:17,3
DA:18,3
DA:22,3
DA:23,3
DA:24,1
DA:27,2
DA:29,2
DA:30,1
DA:33,1
DA:41,1
DA:43,1
LF:12
LH:12
BRDA:23,0,0,1
BRDA:23,0,1,2
BRDA:29,1,0,1
BRDA:29,1,1,1
BRF:4
BRH:4
end_of_record
TN:
SF:src\application\use-cases\Food\ListFoodsUseCase.ts
FN:5,(anonymous_0)
FN:7,(anonymous_1)
FNF:2
FNH:2
FNDA:1,(anonymous_0)
FNDA:1,(anonymous_1)
DA:5,1
DA:8,1
LF:2
LH:2
BRF:0
BRH:0
end_of_record
TN:
SF:src\application\use-cases\Food\RegisterFoodUseCase.ts
FN:5,(anonymous_0)
FN:7,(anonymous_1)
FNF:2
FNH:2
FNDA:1,(anonymous_0)
FNDA:1,(anonymous_1)
DA:5,1
DA:8,1
DA:14,1
LF:3
LH:3
BRF:0
BRH:0
end_of_record
TN:
SF:src\application\use-cases\MedicalHistory\ListMedicalHistoriesUseCase.ts
FN:5,(anonymous_0)
FN:7,(anonymous_1)
FN:11,(anonymous_2)
FNF:3
FNH:3
FNDA:2,(anonymous_0)
FNDA:1,(anonymous_1)
FNDA:1,(anonymous_2)
DA:5,2
DA:8,1
DA:12,1
LF:3
LH:3
BRF:0
BRH:0
end_of_record
TN:
SF:src\application\use-cases\MedicalHistory\RegisterMedicalHistoryUseCase.ts
FN:7,(anonymous_0)
FN:12,(anonymous_1)
FNF:2
FNH:2
FNDA:2,(anonymous_0)
FNDA:2,(anonymous_1)
DA:8,2
DA:9,2
DA:21,2
DA:22,2
DA:23,1
DA:26,1
DA:37,1
LF:7
LH:7
BRDA:22,0,0,1
BRDA:22,0,1,1
BRF:2
BRH:2
end_of_record
TN:
SF:src\application\use-cases\MedicalHistory\UpdateMedicalHistoryUseCase.ts
FN:5,(anonymous_0)
FN:7,(anonymous_1)
FNF:2
FNH:2
FNDA:2,(anonymous_0)
FNDA:2,(anonymous_1)
DA:5,2
DA:13,2
DA:14,2
DA:15,1
DA:18,1
DA:19,1
LF:6
LH:6
BRDA:14,0,0,1
BRDA:14,0,1,1
BRF:2
BRH:2
end_of_record
TN:
SF:src\application\use-cases\Owner\DeleteOwnerUseCase.ts
FN:4,(anonymous_0)
FN:6,(anonymous_1)
FNF:2
FNH:0
FNDA:0,(anonymous_0)
FNDA:0,(anonymous_1)
DA:4,0
DA:7,0
DA:8,0
DA:9,0
DA:11,0
LF:5
LH:0
BRDA:8,0,0,0
BRDA:8,0,1,0
BRF:2
BRH:0
end_of_record
TN:
SF:src\application\use-cases\Owner\GetOwnerAnimalsUseCase.ts
FN:4,(anonymous_0)
FN:6,(anonymous_1)
FNF:2
FNH:0
FNDA:0,(anonymous_0)
FNDA:0,(anonymous_1)
DA:4,0
LF:1
LH:0
BRF:0
BRH:0
end_of_record
TN:
SF:src\application\use-cases\Owner\GetOwnerByIdUseCase.ts
FN:4,(anonymous_0)
FN:6,(anonymous_1)
FNF:2
FNH:0
FNDA:0,(anonymous_0)
FNDA:0,(anonymous_1)
DA:4,0
DA:7,0
DA:8,0
DA:9,0
DA:12,0
LF:5
LH:0
BRDA:8,0,0,0
BRDA:8,0,1,0
BRF:2
BRH:0
end_of_record
TN:
SF:src\application\use-cases\Owner\ListAllOwnersUseCase.ts
FN:4,(anonymous_0)
FN:6,(anonymous_1)
FN:8,(anonymous_2)
FNF:3
FNH:0
FNDA:0,(anonymous_0)
FNDA:0,(anonymous_1)
FNDA:0,(anonymous_2)
DA:4,0
DA:7,0
DA:8,0
LF:3
LH:0
BRF:0
BRH:0
end_of_record
TN:
SF:src\application\use-cases\Owner\RegisterOwnerUseCase.ts
FN:7,(anonymous_0)
FN:9,(anonymous_1)
FNF:2
FNH:2
FNDA:2,(anonymous_0)
FNDA:2,(anonymous_1)
DA:7,2
DA:10,2
DA:11,2
DA:12,1
DA:14,1
DA:15,1
DA:25,1
DA:26,1
LF:8
LH:8
BRDA:11,0,0,1
BRDA:11,0,1,1
BRF:2
BRH:2
end_of_record
TN:
SF:src\application\use-cases\Owner\UpdateOwnerProfileUseCase.ts
FN:5,(anonymous_0)
FN:7,(anonymous_1)
FNF:2
FNH:0
FNDA:0,(anonymous_0)
FNDA:0,(anonymous_1)
DA:5,0
DA:8,0
DA:9,0
DA:10,0
DA:13,0
DA:14,0
LF:6
LH:0
BRDA:9,0,0,0
BRDA:9,0,1,0
BRF:2
BRH:0
end_of_record
TN:
SF:src\application\use-cases\Production\GetAnimalProductionUseCase.ts
FN:6,(anonymous_0)
FN:11,(anonymous_1)
FNF:2
FNH:2
FNDA:2,(anonymous_0)
FNDA:2,(anonymous_1)
DA:7,2
DA:8,2
DA:12,2
DA:13,2
DA:15,1
LF:5
LH:5
BRDA:13,0,0,1
BRDA:13,0,1,1
BRF:2
BRH:2
end_of_record
TN:
SF:src\application\use-cases\Production\RegisterProductionUseCase.ts
FN:6,(anonymous_0)
FN:11,(anonymous_1)
FNF:2
FNH:2
FNDA:2,(anonymous_0)
FNDA:2,(anonymous_1)
DA:7,2
DA:8,2
DA:19,2
DA:20,2
DA:22,1
DA:31,1
LF:6
LH:6
BRDA:20,0,0,1
BRDA:20,0,1,1
BRF:2
BRH:2
end_of_record
TN:
SF:src\application\use-cases\Reproduction\GetAnimalReproductionUseCase.ts
FN:6,(anonymous_0)
FN:11,(anonymous_1)
FNF:2
FNH:2
FNDA:2,(anonymous_0)
FNDA:2,(anonymous_1)
DA:7,2
DA:8,2
DA:12,2
DA:13,2
DA:15,1
LF:5
LH:5
BRDA:13,0,0,1
BRDA:13,0,1,1
BRF:2
BRH:2
end_of_record
TN:
SF:src\application\use-cases\Reproduction\RegisterReproductionUseCase.ts
FN:6,(anonymous_0)
FN:11,(anonymous_1)
FNF:2
FNH:2
FNDA:2,(anonymous_0)
FNDA:2,(anonymous_1)
DA:7,2
DA:8,2
DA:19,2
DA:20,2
DA:22,1
DA:31,1
LF:6
LH:6
BRDA:20,0,0,1
BRDA:20,0,1,1
BRF:2
BRH:2
end_of_record
TN:
SF:src\application\use-cases\Vaccination\ListVaccinationsUseCase.ts
FN:5,(anonymous_0)
FN:7,(anonymous_1)
FN:11,(anonymous_2)
FNF:3
FNH:3
FNDA:2,(anonymous_0)
FNDA:1,(anonymous_1)
FNDA:1,(anonymous_2)
DA:5,2
DA:8,1
DA:12,1
LF:3
LH:3
BRF:0
BRH:0
end_of_record
TN:
SF:src\application\use-cases\Vaccination\RegisterVaccinationUseCase.ts
FN:7,(anonymous_0)
FN:12,(anonymous_1)
FNF:2
FNH:2
FNDA:2,(anonymous_0)
FNDA:2,(anonymous_1)
DA:8,2
DA:9,2
DA:20,2
DA:21,2
DA:22,1
DA:25,1
DA:35,1
LF:7
LH:7
BRDA:21,0,0,1
BRDA:21,0,1,1
BRF:2
BRH:2
end_of_record
TN:
SF:src\domain\entities\Alimentation.ts
FN:1,(anonymous_0)
FN:7,(anonymous_1)
FN:13,(anonymous_2)
FNF:3
FNH:3
FNDA:12,(anonymous_0)
FNDA:12,(anonymous_1)
FNDA:4,(anonymous_2)
DA:1,12
DA:2,12
DA:3,12
DA:4,12
DA:7,12
DA:8,12
DA:9,12
DA:14,4
DA:15,4
DA:16,4
DA:17,4
DA:18,4
DA:19,4
DA:20,4
DA:21,4
DA:22,4
DA:23,4
DA:24,4
LF:18
LH:18
BRF:0
BRH:0
end_of_record
TN:
SF:src\domain\entities\Animal.ts
FN:1,(anonymous_0)
FN:6,(anonymous_1)
FN:16,(anonymous_2)
FN:21,(anonymous_3)
FN:27,(anonymous_4)
FN:43,(anonymous_5)
FN:54,(anonymous_6)
FNF:7
FNH:7
FNDA:12,(anonymous_0)
FNDA:12,(anonymous_1)
FNDA:12,(anonymous_2)
FNDA:12,(anonymous_3)
FNDA:23,(anonymous_4)
FNDA:2,(anonymous_5)
FNDA:1,(anonymous_6)
DA:1,12
DA:2,12
DA:3,12
DA:6,12
DA:7,12
DA:8,12
DA:9,12
DA:10,12
DA:11,12
DA:12,12
DA:13,12
DA:16,12
DA:17,12
DA:18,12
DA:21,12
DA:22,12
DA:23,12
DA:28,23
DA:29,23
DA:30,23
DA:31,23
DA:32,23
DA:33,23
DA:34,23
DA:35,23
DA:36,23
DA:37,23
DA:38,23
DA:39,23
DA:44,2
DA:45,0
DA:47,2
DA:48,1
DA:50,1
DA:55,1
DA:56,1
DA:57,1
DA:58,1
LF:38
LH:37
BRDA:35,0,0,23
BRDA:44,1,0,0
BRDA:44,1,1,2
BRDA:47,2,0,1
BRDA:47,2,1,1
BRDA:55,3,0,1
BRDA:55,3,1,0
BRDA:56,4,0,0
BRDA:56,4,1,1
BRDA:57,5,0,0
BRDA:57,5,1,1
BRDA:58,6,0,0
BRDA:58,6,1,1
BRF:13
BRH:8
end_of_record
TN:
SF:src\domain\entities\Appointment.ts
FN:1,(anonymous_0)
FN:8,(anonymous_1)
FN:19,(anonymous_2)
FN:25,(anonymous_3)
FN:29,(anonymous_4)
FNF:5
FNH:4
FNDA:4,(anonymous_0)
FNDA:15,(anonymous_1)
FNDA:1,(anonymous_2)
FNDA:1,(anonymous_3)
FNDA:0,(anonymous_4)
DA:1,4
DA:2,4
DA:3,4
DA:4,4
DA:9,15
DA:10,15
DA:11,15
DA:12,15
DA:13,15
DA:14,15
DA:15,15
DA:16,15
DA:20,1
DA:21,1
DA:22,1
DA:26,1
DA:30,0
LF:17
LH:16
BRDA:13,0,0,15
BRDA:20,1,0,0
BRDA:20,1,1,1
BRDA:21,2,0,1
BRDA:21,2,1,0
BRDA:22,3,0,1
BRDA:22,3,1,0
BRF:7
BRH:4
end_of_record
TN:
SF:src\domain\entities\Food.ts
FN:2,(anonymous_0)
FNF:1
FNH:1
FNDA:9,(anonymous_0)
DA:3,9
DA:4,9
DA:5,9
DA:6,9
DA:7,9
DA:8,9
LF:6
LH:6
BRF:0
BRH:0
end_of_record
TN:
SF:src\domain\entities\MedicalHistory.ts
FN:2,(anonymous_0)
FN:15,(anonymous_1)
FNF:2
FNH:2
FNDA:13,(anonymous_0)
FNDA:2,(anonymous_1)
DA:3,13
DA:4,13
DA:5,13
DA:6,13
DA:7,13
DA:8,13
DA:9,13
DA:10,13
DA:11,13
DA:12,13
DA:21,2
DA:22,2
DA:23,2
DA:24,2
LF:14
LH:14
BRDA:21,0,0,0
BRDA:21,0,1,2
BRDA:22,1,0,2
BRDA:22,1,1,0
BRDA:23,2,0,2
BRDA:23,2,1,0
BRDA:24,3,0,0
BRDA:24,3,1,2
BRF:8
BRH:4
end_of_record
TN:
SF:src\domain\entities\Owner.ts
FN:1,(anonymous_0)
FN:7,(anonymous_1)
FN:19,(anonymous_2)
FNF:3
FNH:3
FNDA:5,(anonymous_0)
FNDA:15,(anonymous_1)
FNDA:1,(anonymous_2)
DA:1,5
DA:2,5
DA:3,5
DA:8,15
DA:9,15
DA:10,15
DA:11,15
DA:12,15
DA:13,15
DA:14,15
DA:15,15
DA:16,15
DA:20,1
DA:21,1
DA:22,1
DA:23,1
DA:24,1
LF:17
LH:17
BRDA:20,0,0,1
BRDA:20,0,1,0
BRDA:21,1,0,0
BRDA:21,1,1,1
BRDA:22,2,0,0
BRDA:22,2,1,1
BRDA:23,3,0,0
BRDA:23,3,1,1
BRDA:24,4,0,0
BRDA:24,4,1,1
BRF:10
BRH:5
end_of_record
TN:
SF:src\domain\entities\ProductionData.ts
FN:1,(anonymous_0)
FN:9,(anonymous_1)
FNF:2
FNH:2
FNDA:12,(anonymous_0)
FNDA:4,(anonymous_1)
DA:1,12
DA:2,12
DA:3,12
DA:4,12
DA:5,12
DA:10,4
DA:11,4
DA:12,4
DA:13,4
DA:14,4
DA:15,4
DA:16,4
DA:17,4
LF:13
LH:13
BRF:0
BRH:0
end_of_record
TN:
SF:src\domain\entities\Reproduction.ts
FN:1,(anonymous_0)
FN:8,(anonymous_1)
FN:14,(anonymous_2)
FNF:3
FNH:3
FNDA:12,(anonymous_0)
FNDA:12,(anonymous_1)
FNDA:4,(anonymous_2)
DA:1,12
DA:2,12
DA:3,12
DA:4,12
DA:5,12
DA:8,12
DA:9,12
DA:10,12
DA:15,4
DA:16,4
DA:17,4
DA:18,4
DA:19,4
DA:20,4
DA:21,4
DA:22,4
LF:16
LH:16
BRF:0
BRH:0
end_of_record
TN:
SF:src\domain\entities\User.ts
FN:1,(anonymous_0)
FN:20,(anonymous_1)
FN:24,(anonymous_2)
FN:25,(anonymous_3)
FN:26,(anonymous_4)
FN:27,(anonymous_5)
FN:28,(anonymous_6)
FN:29,(anonymous_7)
FN:30,(anonymous_8)
FN:32,(anonymous_9)
FNF:10
FNH:8
FNDA:3,(anonymous_0)
FNDA:8,(anonymous_1)
FNDA:5,(anonymous_2)
FNDA:4,(anonymous_3)
FNDA:2,(anonymous_4)
FNDA:3,(anonymous_5)
FNDA:3,(anonymous_6)
FNDA:0,(anonymous_7)
FNDA:0,(anonymous_8)
FNDA:2,(anonymous_9)
DA:1,3
DA:2,3
DA:3,3
DA:4,3
DA:21,8
DA:24,5
DA:25,4
DA:26,2
DA:27,3
DA:28,3
DA:29,0
DA:30,0
DA:33,2
LF:13
LH:11
BRF:0
BRH:0
end_of_record
TN:
SF:src\domain\entities\Vaccination.ts
FN:2,(anonymous_0)
FN:14,(anonymous_1)
FNF:2
FNH:2
FNDA:12,(anonymous_0)
FNDA:1,(anonymous_1)
DA:3,12
DA:4,12
DA:5,12
DA:6,12
DA:7,12
DA:8,12
DA:9,12
DA:10,12
DA:11,12
DA:20,1
DA:21,1
DA:22,1
DA:23,1
LF:13
LH:13
BRDA:20,0,0,1
BRDA:20,0,1,0
BRDA:21,1,0,0
BRDA:21,1,1,1
BRDA:22,2,0,0
BRDA:22,2,1,1
BRDA:23,3,0,0
BRDA:23,3,1,1
BRF:8
BRH:4
end_of_record
TN:
SF:src\domain\repositories\AlimentationRepository.ts
FNF:0
FNH:0
LF:0
LH:0
BRF:0
BRH:0
end_of_record
TN:
SF:src\domain\repositories\AnimalRepository.ts
FNF:0
FNH:0
LF:0
LH:0
BRF:0
BRH:0
end_of_record
TN:
SF:src\domain\repositories\AppointmentRepository.ts
FNF:0
FNH:0
LF:0
LH:0
BRF:0
BRH:0
end_of_record
TN:
SF:src\domain\repositories\FoodRepository.ts
FNF:0
FNH:0
LF:0
LH:0
BRF:0
BRH:0
end_of_record
TN:
SF:src\domain\repositories\MedicalHistoryRepository.ts
FNF:0
FNH:0
LF:0
LH:0
BRF:0
BRH:0
end_of_record
TN:
SF:src\domain\repositories\OwnerRepository.ts
FNF:0
FNH:0
LF:0
LH:0
BRF:0
BRH:0
end_of_record
TN:
SF:src\domain\repositories\ProductionDataRepository.ts
FNF:0
FNH:0
LF:0
LH:0
BRF:0
BRH:0
end_of_record
TN:
SF:src\domain\repositories\ReproductionRepository.ts
FNF:0
FNH:0
LF:0
LH:0
BRF:0
BRH:0
end_of_record
TN:
SF:src\domain\repositories\UserRepository.ts
FNF:0
FNH:0
LF:0
LH:0
BRF:0
BRH:0
end_of_record
TN:
SF:src\domain\repositories\VaccinationRepository.ts
FNF:0
FNH:0
LF:0
LH:0
BRF:0
BRH:0
end_of_record
TN:
SF:src\domain\services\EmailService.ts
FNF:0
FNH:0
LF:0
LH:0
BRF:0
BRH:0
end_of_record
TN:
SF:src\domain\services\PasswordHasher.ts
FNF:0
FNH:0
LF:0
LH:0
BRF:0
BRH:0
end_of_record
TN:
SF:src\domain\services\TokenService.ts
FNF:0
FNH:0
LF:0
LH:0
BRF:0
BRH:0
end_of_record
TN:
SF:src\infrastructure\config\env.config.ts
FNF:0
FNH:0
DA:3,0
DA:16,0
LF:2
LH:0
BRF:0
BRH:0
end_of_record
TN:
SF:src\infrastructure\database\config\db.config.ts
FNF:0
FNH:0
DA:4,10
DA:6,10
DA:8,10
LF:3
LH:3
BRF:0
BRH:0
end_of_record
TN:
SF:src\infrastructure\database\models\Alimentation.model.ts
FNF:0
FNH:0
DA:11,10
DA:14,10
DA:20,10
DA:24,10
DA:28,10
DA:31,10
DA:34,10
DA:37,10
DA:40,10
DA:43,10
LF:10
LH:10
BRF:0
BRH:0
end_of_record
TN:
SF:src\infrastructure\database\models\Animal.model.ts
FN:4,(anonymous_0)
FN:9,(anonymous_1)
FN:19,(anonymous_2)
FN:24,(anonymous_3)
FNF:4
FNH:4
FNDA:10,(anonymous_0)
FNDA:10,(anonymous_1)
FNDA:10,(anonymous_2)
FNDA:10,(anonymous_3)
DA:4,10
DA:5,10
DA:6,10
DA:9,10
DA:10,10
DA:11,10
DA:12,10
DA:13,10
DA:14,10
DA:15,10
DA:16,10
DA:19,10
DA:20,10
DA:21,10
DA:24,10
DA:25,10
DA:26,10
DA:29,10
DA:32,10
DA:39,10
DA:43,10
DA:47,10
DA:51,10
DA:55,10
DA:59,10
DA:63,10
DA:72,10
LF:27
LH:27
BRDA:4,0,0,10
BRDA:4,0,1,10
BRDA:9,1,0,10
BRDA:9,1,1,10
BRDA:19,2,0,10
BRDA:19,2,1,10
BRDA:24,3,0,10
BRDA:24,3,1,10
BRF:8
BRH:8
end_of_record
TN:
SF:src\infrastructure\database\models\Appointment.model.ts
FN:4,(anonymous_0)
FNF:1
FNH:1
FNDA:10,(anonymous_0)
DA:4,10
DA:5,10
DA:6,10
DA:7,10
DA:10,10
DA:11,10
DA:18,10
DA:22,10
DA:26,10
DA:30,10
DA:34,10
LF:11
LH:11
BRF:0
BRH:0
end_of_record
TN:
SF:src\infrastructure\database\models\Food.model.ts
FNF:0
FNH:0
DA:6,10
DA:10,10
DA:14,10
DA:18,10
LF:4
LH:4
BRF:0
BRH:0
end_of_record
TN:
SF:src\infrastructure\database\models\MedicalHistory.model.ts
FNF:0
FNH:0
DA:11,10
DA:20,10
DA:24,10
DA:28,10
DA:32,10
DA:36,10
LF:6
LH:6
BRF:0
BRH:0
end_of_record
TN:
SF:src\infrastructure\database\models\Owner.model.ts
FN:4,(anonymous_0)
FNF:1
FNH:1
FNDA:10,(anonymous_0)
DA:4,10
DA:5,10
DA:6,10
DA:16,10
DA:25,10
DA:29,10
DA:33,10
DA:37,10
LF:8
LH:8
BRDA:4,0,0,10
BRDA:4,0,1,10
BRF:2
BRH:2
end_of_record
TN:
SF:src\infrastructure\database\models\ProductionData.model.ts
FNF:0
FNH:0
DA:5,10
DA:6,10
DA:13,10
DA:17,10
DA:20,10
DA:23,10
DA:27,10
LF:7
LH:7
BRF:0
BRH:0
end_of_record
TN:
SF:src\infrastructure\database\models\Reproduction.model.ts
FNF:0
FNH:0
DA:5,10
DA:6,10
DA:12,10
DA:16,10
DA:20,10
DA:23,10
DA:27,10
LF:7
LH:7
BRF:0
BRH:0
end_of_record
TN:
SF:src\infrastructure\database\models\User.model.ts
FN:4,(anonymous_0)
FNF:1
FNH:1
FNDA:10,(anonymous_0)
DA:4,10
DA:5,10
DA:6,10
DA:7,10
DA:17,10
DA:26,10
DA:30,10
LF:7
LH:7
BRF:0
BRH:0
end_of_record
TN:
SF:src\infrastructure\database\models\Vaccination.model.ts
FNF:0
FNH:0
DA:4,10
DA:5,10
DA:11,10
DA:15,10
DA:19,10
DA:23,10
DA:26,10
DA:29,10
LF:8
LH:8
BRF:0
BRH:0
end_of_record
TN:
SF:src\infrastructure\database\models\index.ts
FNF:0
FNH:0
DA:13,10
DA:25,10
DA:29,10
DA:35,10
DA:39,10
DA:45,10
DA:50,10
DA:56,10
DA:61,10
DA:67,10
DA:68,10
DA:70,10
DA:71,10
DA:73,10
DA:74,10
DA:77,10
DA:78,10
DA:80,10
DA:81,10
LF:19
LH:19
BRF:0
BRH:0
end_of_record
TN:
SF:src\infrastructure\database\repositories\SequelizeAlimentationRepository.ts
FN:6,(anonymous_0)
FN:20,(anonymous_1)
FN:25,(anonymous_2)
FNF:3
FNH:3
FNDA:1,(anonymous_0)
FNDA:1,(anonymous_1)
FNDA:1,(anonymous_2)
DA:7,1
DA:21,1
DA:22,1
DA:26,1
LF:4
LH:4
BRF:0
BRH:0
end_of_record
TN:
SF:src\infrastructure\database\repositories\SequelizeAnimalRepository.ts
FN:6,(anonymous_0)
FN:21,(anonymous_1)
FN:27,(anonymous_2)
FN:32,(anonymous_3)
FN:37,(anonymous_4)
FN:53,(anonymous_5)
FN:57,(anonymous_6)
FNF:7
FNH:6
FNDA:5,(anonymous_0)
FNDA:3,(anonymous_1)
FNDA:1,(anonymous_2)
FNDA:0,(anonymous_3)
FNDA:1,(anonymous_4)
FNDA:1,(anonymous_5)
FNDA:4,(anonymous_6)
DA:7,5
DA:22,3
DA:23,3
DA:24,2
DA:28,1
DA:29,1
DA:33,0
DA:34,0
DA:38,1
DA:54,1
DA:58,4
LF:11
LH:9
BRDA:23,0,0,1
BRDA:23,0,1,2
BRF:2
BRH:2
end_of_record
TN:
SF:src\infrastructure\database\repositories\SequelizeAppointmentRepository.ts
FN:6,(anonymous_0)
FN:17,(anonymous_1)
FN:23,(anonymous_2)
FN:28,(anonymous_3)
FN:33,(anonymous_4)
FN:45,(anonymous_5)
FN:49,(anonymous_6)
FNF:7
FNH:7
FNDA:6,(anonymous_0)
FNDA:3,(anonymous_1)
FNDA:1,(anonymous_2)
FNDA:1,(anonymous_3)
FNDA:1,(anonymous_4)
FNDA:1,(anonymous_5)
FNDA:5,(anonymous_6)
DA:7,6
DA:18,3
DA:19,3
DA:20,2
DA:24,1
DA:25,1
DA:29,1
DA:30,1
DA:34,1
DA:46,1
DA:50,5
LF:11
LH:11
BRDA:19,0,0,1
BRDA:19,0,1,2
BRF:2
BRH:2
end_of_record
TN:
SF:src\infrastructure\database\repositories\SequelizeFoodRepository.ts
FN:6,(anonymous_0)
FN:15,(anonymous_1)
FN:20,(anonymous_2)
FN:26,(anonymous_3)
FNF:4
FNH:4
FNDA:3,(anonymous_0)
FNDA:1,(anonymous_1)
FNDA:1,(anonymous_2)
FNDA:3,(anonymous_3)
DA:7,3
DA:16,1
DA:17,1
DA:21,1
DA:22,1
DA:23,1
DA:27,3
LF:7
LH:7
BRDA:22,0,0,0
BRDA:22,0,1,1
BRF:2
BRH:1
end_of_record
TN:
SF:src\infrastructure\database\repositories\SequelizeMedicalHistoryRepository.ts
FN:6,(anonymous_0)
FN:19,(anonymous_1)
FN:25,(anonymous_2)
FN:30,(anonymous_3)
FN:35,(anonymous_4)
FN:49,(anonymous_5)
FN:53,(anonymous_6)
FNF:7
FNH:6
FNDA:5,(anonymous_0)
FNDA:3,(anonymous_1)
FNDA:1,(anonymous_2)
FNDA:0,(anonymous_3)
FNDA:1,(anonymous_4)
FNDA:1,(anonymous_5)
FNDA:4,(anonymous_6)
DA:7,5
DA:20,3
DA:21,3
DA:22,2
DA:26,1
DA:27,1
DA:31,0
DA:32,0
DA:36,1
DA:50,1
DA:54,4
LF:11
LH:9
BRDA:21,0,0,1
BRDA:21,0,1,2
BRF:2
BRH:2
end_of_record
TN:
SF:src\infrastructure\database\repositories\SequelizeOwnerRepository.ts
FN:6,(anonymous_0)
FN:18,(anonymous_1)
FN:24,(anonymous_2)
FN:30,(anonymous_3)
FN:35,(anonymous_4)
FN:47,(anonymous_5)
FN:51,(anonymous_6)
FNF:7
FNH:7
FNDA:6,(anonymous_0)
FNDA:3,(anonymous_1)
FNDA:1,(anonymous_2)
FNDA:1,(anonymous_3)
FNDA:1,(anonymous_4)
FNDA:1,(anonymous_5)
FNDA:5,(anonymous_6)
DA:7,6
DA:19,3
DA:20,3
DA:21,2
DA:25,1
DA:26,1
DA:27,1
DA:31,1
DA:32,1
DA:36,1
DA:48,1
DA:52,5
LF:12
LH:12
BRDA:20,0,0,1
BRDA:20,0,1,2
BRDA:26,1,0,0
BRDA:26,1,1,1
BRF:4
BRH:3
end_of_record
TN:
SF:src\infrastructure\database\repositories\SequelizeProductionDataRepository.ts
FN:6,(anonymous_0)
FN:17,(anonymous_1)
FN:22,(anonymous_2)
FNF:3
FNH:3
FNDA:1,(anonymous_0)
FNDA:1,(anonymous_1)
FNDA:1,(anonymous_2)
DA:7,1
DA:18,1
DA:19,1
DA:23,1
LF:4
LH:4
BRF:0
BRH:0
end_of_record
TN:
SF:src\infrastructure\database\repositories\SequelizeReproductionRepository.ts
FN:6,(anonymous_0)
FN:17,(anonymous_1)
FN:22,(anonymous_2)
FNF:3
FNH:3
FNDA:1,(anonymous_0)
FNDA:1,(anonymous_1)
FNDA:1,(anonymous_2)
DA:7,1
DA:18,1
DA:19,1
DA:23,1
LF:4
LH:4
BRF:0
BRH:0
end_of_record
TN:
SF:src\infrastructure\database\repositories\SequelizeUserRepository.ts
FN:6,(anonymous_0)
FN:12,(anonymous_1)
FN:23,(anonymous_2)
FN:29,(anonymous_3)
FNF:4
FNH:4
FNDA:2,(anonymous_0)
FNDA:2,(anonymous_1)
FNDA:1,(anonymous_2)
FNDA:2,(anonymous_3)
DA:7,2
DA:8,2
DA:9,1
DA:13,2
DA:14,2
DA:24,1
DA:25,1
DA:26,1
DA:30,2
LF:9
LH:9
BRDA:8,0,0,1
BRDA:8,0,1,1
BRDA:25,1,0,0
BRDA:25,1,1,1
BRF:4
BRH:3
end_of_record
TN:
SF:src\infrastructure\database\repositories\SequelizeVaccinationRepository.ts
FN:6,(anonymous_0)
FN:18,(anonymous_1)
FN:24,(anonymous_2)
FN:29,(anonymous_3)
FN:34,(anonymous_4)
FN:47,(anonymous_5)
FN:51,(anonymous_6)
FNF:7
FNH:7
FNDA:5,(anonymous_0)
FNDA:3,(anonymous_1)
FNDA:1,(anonymous_2)
FNDA:1,(anonymous_3)
FNDA:1,(anonymous_4)
FNDA:1,(anonymous_5)
FNDA:4,(anonymous_6)
DA:7,5
DA:19,3
DA:20,3
DA:21,2
DA:25,1
DA:26,1
DA:30,1
DA:31,1
DA:35,1
DA:48,1
DA:52,4
LF:11
LH:11
BRDA:20,0,0,1
BRDA:20,0,1,2
BRF:2
BRH:2
end_of_record
TN:
SF:src\infrastructure\http\hono\controllers\AlimentationController.ts
FN:6,(anonymous_0)
FN:11,(anonymous_1)
FN:29,(anonymous_2)
FNF:3
FNH:0
FNDA:0,(anonymous_0)
FNDA:0,(anonymous_1)
FNDA:0,(anonymous_2)
DA:7,0
DA:8,0
DA:12,0
DA:13,0
DA:14,0
DA:15,0
DA:22,0
DA:23,0
DA:25,0
DA:30,0
DA:31,0
DA:32,0
DA:33,0
DA:35,0
LF:14
LH:0
BRDA:19,0,0,0
BRDA:19,0,1,0
BRDA:20,1,0,0
BRDA:20,1,1,0
BRF:4
BRH:0
end_of_record
TN:
SF:src\infrastructure\http\hono\controllers\AnimalController.ts
FN:9,(anonymous_0)
FN:18,(anonymous_1)
FN:28,(anonymous_2)
FN:38,(anonymous_3)
FN:47,(anonymous_4)
FN:58,(anonymous_5)
FN:68,(anonymous_6)
FNF:7
FNH:0
FNDA:0,(anonymous_0)
FNDA:0,(anonymous_1)
FNDA:0,(anonymous_2)
FNDA:0,(anonymous_3)
FNDA:0,(anonymous_4)
FNDA:0,(anonymous_5)
FNDA:0,(anonymous_6)
DA:10,0
DA:11,0
DA:12,0
DA:13,0
DA:14,0
DA:15,0
DA:19,0
DA:20,0
DA:21,0
DA:22,0
DA:24,0
DA:29,0
DA:30,0
DA:31,0
DA:32,0
DA:34,0
DA:39,0
DA:40,0
DA:41,0
DA:43,0
DA:48,0
DA:49,0
DA:50,0
DA:51,0
DA:52,0
DA:54,0
DA:59,0
DA:60,0
DA:61,0
DA:62,0
DA:64,0
DA:69,0
DA:70,0
DA:71,0
DA:72,0
DA:73,0
DA:75,0
LF:37
LH:0
BRF:0
BRH:0
end_of_record
TN:
SF:src\infrastructure\http\hono\controllers\AppointmentController.ts
FN:6,(anonymous_0)
FN:12,(anonymous_1)
FN:21,(anonymous_2)
FN:37,(anonymous_3)
FNF:4
FNH:0
FNDA:0,(anonymous_0)
FNDA:0,(anonymous_1)
FNDA:0,(anonymous_2)
FNDA:0,(anonymous_3)
DA:7,0
DA:8,0
DA:9,0
DA:13,0
DA:14,0
DA:15,0
DA:17,0
DA:22,0
DA:23,0
DA:25,0
DA:26,0
DA:31,0
DA:33,0
DA:38,0
DA:39,0
DA:40,0
DA:41,0
DA:42,0
DA:44,0
LF:19
LH:0
BRF:0
BRH:0
end_of_record
TN:
SF:src\infrastructure\http\hono\controllers\AuthController.ts
FN:6,(anonymous_0)
FN:11,(anonymous_1)
FN:21,(anonymous_2)
FNF:3
FNH:0
FNDA:0,(anonymous_0)
FNDA:0,(anonymous_1)
FNDA:0,(anonymous_2)
DA:7,0
DA:8,0
DA:12,0
DA:13,0
DA:14,0
DA:15,0
DA:17,0
DA:22,0
DA:23,0
DA:24,0
DA:25,0
DA:27,0
LF:12
LH:0
BRF:0
BRH:0
end_of_record
TN:
SF:src\infrastructure\http\hono\controllers\FoodController.ts
FN:6,(anonymous_0)
FN:11,(anonymous_1)
FN:25,(anonymous_2)
FNF:3
FNH:0
FNDA:0,(anonymous_0)
FNDA:0,(anonymous_1)
FNDA:0,(anonymous_2)
DA:7,0
DA:8,0
DA:12,0
DA:13,0
DA:14,0
DA:18,0
DA:19,0
DA:21,0
DA:26,0
DA:27,0
DA:28,0
DA:30,0
LF:12
LH:0
BRF:0
BRH:0
end_of_record
TN:
SF:src\infrastructure\http\hono\controllers\MedicalHistoryController.ts
FN:5,(anonymous_0)
FN:10,(anonymous_1)
FN:20,(anonymous_2)
FNF:3
FNH:0
FNDA:0,(anonymous_0)
FNDA:0,(anonymous_1)
FNDA:0,(anonymous_2)
DA:6,0
DA:7,0
DA:11,0
DA:12,0
DA:13,0
DA:14,0
DA:16,0
DA:21,0
DA:22,0
DA:23,0
DA:25,0
DA:26,0
DA:32,0
DA:34,0
LF:14
LH:0
BRF:0
BRH:0
end_of_record
TN:
SF:src\infrastructure\http\hono\controllers\OwnerController.ts
FN:9,(anonymous_0)
FN:18,(anonymous_1)
FN:28,(anonymous_2)
FN:39,(anonymous_3)
FN:49,(anonymous_4)
FN:58,(anonymous_5)
FN:68,(anonymous_6)
FNF:7
FNH:0
FNDA:0,(anonymous_0)
FNDA:0,(anonymous_1)
FNDA:0,(anonymous_2)
FNDA:0,(anonymous_3)
FNDA:0,(anonymous_4)
FNDA:0,(anonymous_5)
FNDA:0,(anonymous_6)
DA:10,0
DA:11,0
DA:12,0
DA:13,0
DA:14,0
DA:15,0
DA:19,0
DA:20,0
DA:21,0
DA:22,0
DA:24,0
DA:29,0
DA:30,0
DA:31,0
DA:32,0
DA:33,0
DA:35,0
DA:40,0
DA:41,0
DA:42,0
DA:43,0
DA:45,0
DA:50,0
DA:51,0
DA:52,0
DA:54,0
DA:59,0
DA:60,0
DA:61,0
DA:62,0
DA:64,0
DA:69,0
DA:70,0
DA:71,0
DA:72,0
DA:74,0
LF:36
LH:0
BRF:0
BRH:0
end_of_record
TN:
SF:src\infrastructure\http\hono\controllers\ProductionController.ts
FN:6,(anonymous_0)
FN:11,(anonymous_1)
FN:28,(anonymous_2)
FNF:3
FNH:0
FNDA:0,(anonymous_0)
FNDA:0,(anonymous_1)
FNDA:0,(anonymous_2)
DA:7,0
DA:8,0
DA:12,0
DA:13,0
DA:14,0
DA:15,0
DA:21,0
DA:22,0
DA:24,0
DA:29,0
DA:30,0
DA:31,0
DA:32,0
DA:34,0
LF:14
LH:0
BRDA:19,0,0,0
BRDA:19,0,1,0
BRF:2
BRH:0
end_of_record
TN:
SF:src\infrastructure\http\hono\controllers\ReproductionController.ts
FN:6,(anonymous_0)
FN:11,(anonymous_1)
FN:27,(anonymous_2)
FNF:3
FNH:0
FNDA:0,(anonymous_0)
FNDA:0,(anonymous_1)
FNDA:0,(anonymous_2)
DA:7,0
DA:8,0
DA:12,0
DA:13,0
DA:14,0
DA:15,0
DA:20,0
DA:21,0
DA:23,0
DA:28,0
DA:29,0
DA:30,0
DA:31,0
DA:33,0
LF:14
LH:0
BRF:0
BRH:0
end_of_record
TN:
SF:src\infrastructure\http\hono\controllers\VaccinationController.ts
FN:5,(anonymous_0)
FN:10,(anonymous_1)
FN:20,(anonymous_2)
FNF:3
FNH:0
FNDA:0,(anonymous_0)
FNDA:0,(anonymous_1)
FNDA:0,(anonymous_2)
DA:6,0
DA:7,0
DA:11,0
DA:12,0
DA:13,0
DA:14,0
DA:16,0
DA:21,0
DA:22,0
DA:23,0
DA:25,0
DA:26,0
DA:33,0
DA:35,0
LF:14
LH:0
BRDA:31,0,0,0
BRDA:31,0,1,0
BRF:2
BRH:0
end_of_record
TN:
SF:src\infrastructure\http\hono\middleware\RoleMiddleware.ts
FN:53,(anonymous_0)
FN:54,(anonymous_1)
FNF:2
FNH:0
FNDA:0,(anonymous_0)
FNDA:0,(anonymous_1)
DA:5,0
DA:7,0
DA:14,0
DA:53,0
DA:54,0
DA:55,0
DA:61,0
DA:62,0
DA:65,0
DA:66,0
DA:67,0
DA:69,0
DA:70,0
DA:74,0
DA:75,0
DA:76,0
DA:80,0
DA:81,0
DA:82,0
DA:85,0
LF:20
LH:0
BRDA:61,0,0,0
BRDA:61,0,1,0
BRDA:69,1,0,0
BRDA:69,1,1,0
BRDA:74,2,0,0
BRDA:74,2,1,0
BRDA:80,3,0,0
BRDA:80,3,1,0
BRDA:80,4,0,0
BRDA:80,4,1,0
BRF:10
BRH:0
end_of_record
TN:
SF:src\infrastructure\http\hono\routers\AnimalRouter.ts
FN:17,createAnimalRouter
FN:258,(anonymous_1)
FN:259,(anonymous_2)
FN:260,(anonymous_3)
FN:261,(anonymous_4)
FN:262,(anonymous_5)
FN:263,(anonymous_6)
FN:265,(anonymous_7)
FN:266,(anonymous_8)
FN:268,(anonymous_9)
FN:269,(anonymous_10)
FN:271,(anonymous_11)
FN:272,(anonymous_12)
FN:274,(anonymous_13)
FN:275,(anonymous_14)
FN:277,(anonymous_15)
FN:278,(anonymous_16)
FNF:17
FNH:0
FNDA:0,createAnimalRouter
FNDA:0,(anonymous_1)
FNDA:0,(anonymous_2)
FNDA:0,(anonymous_3)
FNDA:0,(anonymous_4)
FNDA:0,(anonymous_5)
FNDA:0,(anonymous_6)
FNDA:0,(anonymous_7)
FNDA:0,(anonymous_8)
FNDA:0,(anonymous_9)
FNDA:0,(anonymous_10)
FNDA:0,(anonymous_11)
FNDA:0,(anonymous_12)
FNDA:0,(anonymous_13)
FNDA:0,(anonymous_14)
FNDA:0,(anonymous_15)
FNDA:0,(anonymous_16)
DA:25,0
DA:27,0
DA:29,0
DA:40,0
DA:53,0
DA:66,0
DA:81,0
DA:93,0
DA:109,0
DA:121,0
DA:137,0
DA:149,0
DA:165,0
DA:177,0
DA:193,0
DA:205,0
DA:221,0
DA:233,0
DA:249,0
DA:250,0
DA:251,0
DA:252,0
DA:253,0
DA:254,0
DA:255,0
DA:256,0
DA:258,0
DA:259,0
DA:260,0
DA:261,0
DA:262,0
DA:263,0
DA:265,0
DA:266,0
DA:268,0
DA:269,0
DA:271,0
DA:272,0
DA:274,0
DA:275,0
DA:277,0
DA:278,0
DA:280,0
LF:43
LH:0
BRF:0
BRH:0
end_of_record
TN:
SF:src\infrastructure\http\hono\routers\AppointmentRouter.ts
FN:7,createAppointmentRouter
FN:54,(anonymous_1)
FN:55,(anonymous_2)
FN:56,(anonymous_3)
FNF:4
FNH:0
FNDA:0,createAppointmentRouter
FNDA:0,(anonymous_1)
FNDA:0,(anonymous_2)
FNDA:0,(anonymous_3)
DA:8,0
DA:10,0
DA:12,0
DA:23,0
DA:36,0
DA:51,0
DA:52,0
DA:54,0
DA:55,0
DA:56,0
DA:58,0
LF:11
LH:0
BRF:0
BRH:0
end_of_record
TN:
SF:src\infrastructure\http\hono\routers\AuthRouter.ts
FN:7,createAuthRouter
FN:89,(anonymous_1)
FN:93,(anonymous_2)
FNF:3
FNH:0
FNDA:0,createAuthRouter
FNDA:0,(anonymous_1)
FNDA:0,(anonymous_2)
DA:8,0
DA:10,0
DA:45,0
DA:89,0
DA:91,0
DA:92,0
DA:93,0
DA:95,0
LF:8
LH:0
BRF:0
BRH:0
end_of_record
TN:
SF:src\infrastructure\http\hono\routers\FoodRouter.ts
FN:7,createFoodRouter
FN:38,(anonymous_1)
FN:39,(anonymous_2)
FNF:3
FNH:0
FNDA:0,createFoodRouter
FNDA:0,(anonymous_1)
FNDA:0,(anonymous_2)
DA:8,0
DA:10,0
DA:12,0
DA:23,0
DA:36,0
DA:38,0
DA:39,0
DA:41,0
LF:8
LH:0
BRF:0
BRH:0
end_of_record
TN:
SF:src\infrastructure\http\hono\routers\OwnerRouter.ts
FN:8,createOwnerRouter
FN:93,(anonymous_1)
FN:94,(anonymous_2)
FN:95,(anonymous_3)
FN:96,(anonymous_4)
FN:97,(anonymous_5)
FN:98,(anonymous_6)
FNF:7
FNH:0
FNDA:0,createOwnerRouter
FNDA:0,(anonymous_1)
FNDA:0,(anonymous_2)
FNDA:0,(anonymous_3)
FNDA:0,(anonymous_4)
FNDA:0,(anonymous_5)
FNDA:0,(anonymous_6)
DA:9,0
DA:11,0
DA:13,0
DA:24,0
DA:37,0
DA:50,0
DA:65,0
DA:77,0
DA:89,0
DA:90,0
DA:91,0
DA:93,0
DA:94,0
DA:95,0
DA:96,0
DA:97,0
DA:98,0
DA:100,0
LF:18
LH:0
BRF:0
BRH:0
end_of_record
TN:
SF:src\infrastructure\http\hono\validators\AlimentationValidator.ts
FNF:0
FNH:0
DA:3,0
DA:9,0
LF:2
LH:0
BRF:0
BRH:0
end_of_record
TN:
SF:src\infrastructure\http\hono\validators\AnimalValidator.ts
FNF:0
FNH:0
DA:6,0
DA:8,0
DA:20,0
DA:27,0
DA:32,0
DA:45,0
LF:6
LH:0
BRF:0
BRH:0
end_of_record
TN:
SF:src\infrastructure\http\hono\validators\AppointmentValidator.ts
FNF:0
FNH:0
DA:3,0
DA:10,0
DA:14,0
DA:18,0
LF:4
LH:0
BRF:0
BRH:0
end_of_record
TN:
SF:src\infrastructure\http\hono\validators\FoodValidator.ts
FNF:0
FNH:0
DA:3,0
DA:9,0
DA:13,0
LF:3
LH:0
BRF:0
BRH:0
end_of_record
TN:
SF:src\infrastructure\http\hono\validators\LoginValidator.ts
FNF:0
FNH:0
DA:3,0
DA:14,0
DA:20,0
LF:3
LH:0
BRF:0
BRH:0
end_of_record
TN:
SF:src\infrastructure\http\hono\validators\MedicalHistoryValidator.ts
FNF:0
FNH:0
DA:3,0
DA:11,0
LF:2
LH:0
BRF:0
BRH:0
end_of_record
TN:
SF:src\infrastructure\http\hono\validators\OwnerValidator.ts
FNF:0
FNH:0
DA:4,0
DA:13,0
DA:15,0
DA:19,0
LF:4
LH:0
BRF:0
BRH:0
end_of_record
TN:
SF:src\infrastructure\http\hono\validators\ProductionValidator.ts
FNF:0
FNH:0
DA:4,0
DA:12,0
LF:2
LH:0
BRF:0
BRH:0
end_of_record
TN:
SF:src\infrastructure\http\hono\validators\ReproductionValidator.ts
FNF:0
FNH:0
DA:4,0
DA:16,0
LF:2
LH:0
BRF:0
BRH:0
end_of_record
TN:
SF:src\infrastructure\http\hono\validators\SignupValidator.ts
FNF:0
FNH:0
DA:4,0
DA:23,0
LF:2
LH:0
BRF:0
BRH:0
end_of_record
TN:
SF:src\infrastructure\http\hono\validators\VaccinationValidator.ts
FNF:0
FNH:0
DA:3,0
DA:10,0
LF:2
LH:0
BRF:0
BRH:0
end_of_record
TN:
SF:src\infrastructure\security\BcryptHasher.ts
FN:7,(anonymous_0)
FN:11,(anonymous_1)
FNF:2
FNH:0
FNDA:0,(anonymous_0)
FNDA:0,(anonymous_1)
DA:5,0
DA:8,0
DA:12,0
LF:3
LH:0
BRF:0
BRH:0
end_of_record
TN:
SF:src\infrastructure\security\HonoTokenService.ts
FN:7,(anonymous_0)
FN:11,(anonymous_1)
FN:21,(anonymous_2)
FNF:3
FNH:0
FNDA:0,(anonymous_0)
FNDA:0,(anonymous_1)
FNDA:0,(anonymous_2)
DA:8,0
DA:12,0
DA:13,0
DA:18,0
DA:22,0
LF:5
LH:0
BRDA:8,0,0,0
BRDA:8,0,1,0
BRF:2
BRH:0
end_of_record
TN:
SF:src\infrastructure\services\ResendEmail.service.ts
FN:9,(anonymous_0)
FN:12,(anonymous_1)
FNF:2
FNH:0
FNDA:0,(anonymous_0)
FNDA:0,(anonymous_1)
DA:4,0
DA:10,0
DA:13,0
LF:3
LH:0
BRF:0
BRH:0
end_of_record
